# JRE version: OpenJDK Runtime Environment (21.0.9) (build 21.0.9+-14787801-b1163.94)
# Java VM: OpenJDK 64-Bit Server VM (21.0.9+-14787801-b1163.94, mixed mode, tiered, compressed oops, compressed class ptrs, g1 gc, windows-amd64)
GC Precious Log:
 CardTable entry size: 512
 Card Set container configuration: InlinePtr #cards 5 size 8 Array Of Cards #cards 12 size 40 Howl #buckets 4 coarsen threshold 1843 Howl Bitmap #cards 512 size 80 coarsen threshold 460 Card regions per heap region 1 cards per card region 2048
 CPUs: 8 total, 8 available
 Memory: 3836M
 Large Page Support: Disabled
 NUMA Support: Disabled
 Compressed Oops: Enabled (32-bit)
 Heap Region Size: 1M
 Heap Min Capacity: 8M
 Heap Initial Capacity: 60M
 Heap Max Capacity: 2G
 Pre-touch: Disabled
 Parallel Workers: 8
 Concurrent Workers: 2
 Concurrent Refinement Workers: 8
 Periodic GC: Disabled
Heap:
 garbage-first heap   total 289792K, used 165325K [0x0000000080000000, 0x0000000100000000)
  region size 1024K, 12 young (12288K), 2 survivors (2048K)
 Metaspace       used 150133K, committed 155328K, reserved 1245184K
  class space    used 21053K, committed 23040K, reserved 1048576K
GC Heap History (20 events):
Event: 1321.856 GC heap before
{Heap before GC invocations=101 (full 0):
 garbage-first heap   total 277504K, used 275912K [0x0000000080000000, 0x0000000100000000)
  region size 1024K, 110 young (112640K), 5 survivors (5120K)
 Metaspace       used 155011K, committed 157568K, reserved 1245184K
  class space    used 21926K, committed 23168K, reserved 1048576K
}
Event: 1321.878 GC heap after
{Heap after GC invocations=102 (full 0):
 garbage-first heap   total 289792K, used 157130K [0x0000000080000000, 0x0000000100000000)
  region size 1024K, 12 young (12288K), 12 survivors (12288K)
 Metaspace       used 155011K, committed 157568K, reserved 1245184K
  class space    used 21926K, committed 23168K, reserved 1048576K
}
Event: 1353.188 GC heap before
{Heap before GC invocations=102 (full 0):
 garbage-first heap   total 289792K, used 261578K [0x0000000080000000, 0x0000000100000000)
  region size 1024K, 101 young (103424K), 12 survivors (12288K)
 Metaspace       used 155076K, committed 157632K, reserved 1245184K
  class space    used 21926K, committed 23168K, reserved 1048576K
}
Event: 1353.706 GC heap after
{Heap after GC invocations=103 (full 0):
 garbage-first heap   total 289792K, used 155344K [0x0000000080000000, 0x0000000100000000)
  region size 1024K, 7 young (7168K), 7 survivors (7168K)
 Metaspace       used 155076K, committed 157632K, reserved 1245184K
  class space    used 21926K, committed 23168K, reserved 1048576K
}
Event: 1362.975 GC heap before
{Heap before GC invocations=103 (full 0):
 garbage-first heap   total 289792K, used 162512K [0x0000000080000000, 0x0000000100000000)
  region size 1024K, 14 young (14336K), 7 survivors (7168K)
 Metaspace       used 155081K, committed 157632K, reserved 1245184K
  class space    used 21926K, committed 23168K, reserved 1048576K
}
Event: 1363.026 GC heap after
{Heap after GC invocations=104 (full 0):
 garbage-first heap   total 289792K, used 155766K [0x0000000080000000, 0x0000000100000000)
  region size 1024K, 2 young (2048K), 2 survivors (2048K)
 Metaspace       used 155081K, committed 157632K, reserved 1245184K
  class space    used 21926K, committed 23168K, reserved 1048576K
}
Event: 1543.124 GC heap before
{Heap before GC invocations=104 (full 0):
 garbage-first heap   total 289792K, used 273526K [0x0000000080000000, 0x0000000100000000)
  region size 1024K, 117 young (119808K), 2 survivors (2048K)
 Metaspace       used 155087K, committed 157632K, reserved 1245184K
  class space    used 21926K, committed 23168K, reserved 1048576K
}
Event: 1543.361 GC heap after
{Heap after GC invocations=105 (full 0):
 garbage-first heap   total 289792K, used 155102K [0x0000000080000000, 0x0000000100000000)
  region size 1024K, 1 young (1024K), 1 survivors (1024K)
 Metaspace       used 155087K, committed 157632K, reserved 1245184K
  class space    used 21926K, committed 23168K, reserved 1048576K
}
Event: 1692.944 GC heap before
{Heap before GC invocations=105 (full 0):
 garbage-first heap   total 289792K, used 255454K [0x0000000080000000, 0x0000000100000000)
  region size 1024K, 99 young (101376K), 1 survivors (1024K)
 Metaspace       used 155091K, committed 157632K, reserved 1245184K
  class space    used 21926K, committed 23168K, reserved 1048576K
}
Event: 1693.022 GC heap after
{Heap after GC invocations=106 (full 0):
 garbage-first heap   total 289792K, used 154691K [0x0000000080000000, 0x0000000100000000)
  region size 1024K, 1 young (1024K), 1 survivors (1024K)
 Metaspace       used 155091K, committed 157632K, reserved 1245184K
  class space    used 21926K, committed 23168K, reserved 1048576K
}
Event: 1872.939 GC heap before
{Heap before GC invocations=106 (full 0):
 garbage-first heap   total 289792K, used 273475K [0x0000000080000000, 0x0000000100000000)
  region size 1024K, 117 young (119808K), 1 survivors (1024K)
 Metaspace       used 155096K, committed 157696K, reserved 1245184K
  class space    used 21926K, committed 23168K, reserved 1048576K
}
Event: 1872.991 GC heap after
{Heap after GC invocations=107 (full 0):
 garbage-first heap   total 289792K, used 154437K [0x0000000080000000, 0x0000000100000000)
  region size 1024K, 1 young (1024K), 1 survivors (1024K)
 Metaspace       used 155096K, committed 157696K, reserved 1245184K
  class space    used 21926K, committed 23168K, reserved 1048576K
}
Event: 2052.961 GC heap before
{Heap before GC invocations=107 (full 0):
 garbage-first heap   total 289792K, used 273221K [0x0000000080000000, 0x0000000100000000)
  region size 1024K, 117 young (119808K), 1 survivors (1024K)
 Metaspace       used 155121K, committed 157696K, reserved 1245184K
  class space    used 21926K, committed 23168K, reserved 1048576K
}
Event: 2053.227 GC heap after
{Heap after GC invocations=108 (full 0):
 garbage-first heap   total 289792K, used 154450K [0x0000000080000000, 0x0000000100000000)
  region size 1024K, 1 young (1024K), 1 survivors (1024K)
 Metaspace       used 155121K, committed 157696K, reserved 1245184K
  class space    used 21926K, committed 23168K, reserved 1048576K
}
Event: 2108.898 GC heap before
{Heap before GC invocations=109 (full 0):
 garbage-first heap   total 289792K, used 273234K [0x0000000080000000, 0x0000000100000000)
  region size 1024K, 117 young (119808K), 1 survivors (1024K)
 Metaspace       used 149877K, committed 155264K, reserved 1245184K
  class space    used 21042K, committed 23040K, reserved 1048576K
}
Event: 2108.961 GC heap after
{Heap after GC invocations=110 (full 0):
 garbage-first heap   total 289792K, used 158681K [0x0000000080000000, 0x0000000100000000)
  region size 1024K, 5 young (5120K), 5 survivors (5120K)
 Metaspace       used 149877K, committed 155264K, reserved 1245184K
  class space    used 21042K, committed 23040K, reserved 1048576K
}
Event: 2110.450 GC heap before
{Heap before GC invocations=110 (full 0):
 garbage-first heap   total 289792K, used 181209K [0x0000000080000000, 0x0000000100000000)
  region size 1024K, 28 young (28672K), 5 survivors (5120K)
 Metaspace       used 150067K, committed 155328K, reserved 1245184K
  class space    used 21053K, committed 23040K, reserved 1048576K
}
Event: 2110.529 GC heap after
{Heap after GC invocations=111 (full 0):
 garbage-first heap   total 289792K, used 158050K [0x0000000080000000, 0x0000000100000000)
  region size 1024K, 4 young (4096K), 4 survivors (4096K)
 Metaspace       used 150067K, committed 155328K, reserved 1245184K
  class space    used 21053K, committed 23040K, reserved 1048576K
}
Event: 2110.967 GC heap before
{Heap before GC invocations=111 (full 0):
 garbage-first heap   total 289792K, used 167266K [0x0000000080000000, 0x0000000100000000)
  region size 1024K, 14 young (14336K), 4 survivors (4096K)
 Metaspace       used 150096K, committed 155328K, reserved 1245184K
  class space    used 21053K, committed 23040K, reserved 1048576K
}
Event: 2111.012 GC heap after
{Heap after GC invocations=112 (full 0):
 garbage-first heap   total 289792K, used 156109K [0x0000000080000000, 0x0000000100000000)
  region size 1024K, 2 young (2048K), 2 survivors (2048K)
 Metaspace       used 150096K, committed 155328K, reserved 1245184K
  class space    used 21053K, committed 23040K, reserved 1048576K
}

