# JRE version: OpenJDK Runtime Environment (21.0.9) (build 21.0.9+-14787801-b1163.94)
# Java VM: OpenJDK 64-Bit Server VM (21.0.9+-14787801-b1163.94, mixed mode, tiered, compressed oops, compressed class ptrs, g1 gc, windows-amd64)
GC Precious Log:
 CardTable entry size: 512
 Card Set container configuration: InlinePtr #cards 5 size 8 Array Of Cards #cards 12 size 40 Howl #buckets 4 coarsen threshold 1843 Howl Bitmap #cards 512 size 80 coarsen threshold 460 Card regions per heap region 1 cards per card region 2048
 CPUs: 8 total, 8 available
 Memory: 3836M
 Large Page Support: Disabled
 NUMA Support: Disabled
 Compressed Oops: Enabled (32-bit)
 Heap Region Size: 1M
 Heap Min Capacity: 8M
 Heap Initial Capacity: 60M
 Heap Max Capacity: 2G
 Pre-touch: Disabled
 Parallel Workers: 8
 Concurrent Workers: 2
 Concurrent Refinement Workers: 8
 Periodic GC: Disabled
Heap:
 garbage-first heap   total 437248K, used 203070K [0x0000000080000000, 0x0000000100000000)
  region size 1024K, 15 young (15360K), 15 survivors (15360K)
 Metaspace       used 140326K, committed 142848K, reserved 1179648K
  class space    used 20225K, committed 21440K, reserved 1048576K
GC Heap History (20 events):
Event: 33.819 GC heap after
{Heap after GC invocations=80 (full 0):
 garbage-first heap   total 433152K, used 194931K [0x0000000080000000, 0x0000000100000000)
  region size 1024K, 13 young (13312K), 13 survivors (13312K)
 Metaspace       used 137007K, committed 139456K, reserved 1179648K
  class space    used 19827K, committed 20992K, reserved 1048576K
}
Event: 34.619 GC heap before
{Heap before GC invocations=80 (full 0):
 garbage-first heap   total 433152K, used 399731K [0x0000000080000000, 0x0000000100000000)
  region size 1024K, 214 young (219136K), 13 survivors (13312K)
 Metaspace       used 138478K, committed 140992K, reserved 1179648K
  class space    used 20029K, committed 21248K, reserved 1048576K
}
Event: 34.631 GC heap after
{Heap after GC invocations=81 (full 0):
 garbage-first heap   total 433152K, used 195281K [0x0000000080000000, 0x0000000100000000)
  region size 1024K, 14 young (14336K), 14 survivors (14336K)
 Metaspace       used 138478K, committed 140992K, reserved 1179648K
  class space    used 20029K, committed 21248K, reserved 1048576K
}
Event: 35.338 GC heap before
{Heap before GC invocations=81 (full 0):
 garbage-first heap   total 433152K, used 405201K [0x0000000080000000, 0x0000000100000000)
  region size 1024K, 220 young (225280K), 14 survivors (14336K)
 Metaspace       used 139358K, committed 141824K, reserved 1179648K
  class space    used 20162K, committed 21376K, reserved 1048576K
}
Event: 35.353 GC heap after
{Heap after GC invocations=82 (full 0):
 garbage-first heap   total 433152K, used 200117K [0x0000000080000000, 0x0000000100000000)
  region size 1024K, 18 young (18432K), 18 survivors (18432K)
 Metaspace       used 139358K, committed 141824K, reserved 1179648K
  class space    used 20162K, committed 21376K, reserved 1048576K
}
Event: 36.084 GC heap before
{Heap before GC invocations=83 (full 0):
 garbage-first heap   total 433152K, used 410037K [0x0000000080000000, 0x0000000100000000)
  region size 1024K, 223 young (228352K), 18 survivors (18432K)
 Metaspace       used 139644K, committed 142144K, reserved 1179648K
  class space    used 20180K, committed 21376K, reserved 1048576K
}
Event: 36.102 GC heap after
{Heap after GC invocations=84 (full 0):
 garbage-first heap   total 433152K, used 201291K [0x0000000080000000, 0x0000000100000000)
  region size 1024K, 12 young (12288K), 12 survivors (12288K)
 Metaspace       used 139644K, committed 142144K, reserved 1179648K
  class space    used 20180K, committed 21376K, reserved 1048576K
}
Event: 36.603 GC heap before
{Heap before GC invocations=84 (full 0):
 garbage-first heap   total 433152K, used 409163K [0x0000000080000000, 0x0000000100000000)
  region size 1024K, 216 young (221184K), 12 survivors (12288K)
 Metaspace       used 139823K, committed 142336K, reserved 1179648K
  class space    used 20190K, committed 21440K, reserved 1048576K
}
Event: 36.616 GC heap after
{Heap after GC invocations=85 (full 0):
 garbage-first heap   total 433152K, used 200073K [0x0000000080000000, 0x0000000100000000)
  region size 1024K, 14 young (14336K), 14 survivors (14336K)
 Metaspace       used 139823K, committed 142336K, reserved 1179648K
  class space    used 20190K, committed 21440K, reserved 1048576K
}
Event: 37.145 GC heap before
{Heap before GC invocations=85 (full 0):
 garbage-first heap   total 433152K, used 408969K [0x0000000080000000, 0x0000000100000000)
  region size 1024K, 219 young (224256K), 14 survivors (14336K)
 Metaspace       used 139908K, committed 142400K, reserved 1179648K
  class space    used 20190K, committed 21440K, reserved 1048576K
}
Event: 37.157 GC heap after
{Heap after GC invocations=86 (full 0):
 garbage-first heap   total 433152K, used 199119K [0x0000000080000000, 0x0000000100000000)
  region size 1024K, 13 young (13312K), 13 survivors (13312K)
 Metaspace       used 139908K, committed 142400K, reserved 1179648K
  class space    used 20190K, committed 21440K, reserved 1048576K
}
Event: 37.791 GC heap before
{Heap before GC invocations=87 (full 0):
 garbage-first heap   total 433152K, used 409039K [0x0000000080000000, 0x0000000100000000)
  region size 1024K, 219 young (224256K), 13 survivors (13312K)
 Metaspace       used 140041K, committed 142528K, reserved 1179648K
  class space    used 20212K, committed 21440K, reserved 1048576K
}
Event: 37.804 GC heap after
{Heap after GC invocations=88 (full 0):
 garbage-first heap   total 433152K, used 200210K [0x0000000080000000, 0x0000000100000000)
  region size 1024K, 14 young (14336K), 14 survivors (14336K)
 Metaspace       used 140041K, committed 142528K, reserved 1179648K
  class space    used 20212K, committed 21440K, reserved 1048576K
}
Event: 38.235 GC heap before
{Heap before GC invocations=88 (full 0):
 garbage-first heap   total 433152K, used 409106K [0x0000000080000000, 0x0000000100000000)
  region size 1024K, 219 young (224256K), 14 survivors (14336K)
 Metaspace       used 140158K, committed 142592K, reserved 1179648K
  class space    used 20221K, committed 21440K, reserved 1048576K
}
Event: 38.256 GC heap after
{Heap after GC invocations=89 (full 0):
 garbage-first heap   total 437248K, used 205046K [0x0000000080000000, 0x0000000100000000)
  region size 1024K, 22 young (22528K), 22 survivors (22528K)
 Metaspace       used 140158K, committed 142592K, reserved 1179648K
  class space    used 20221K, committed 21440K, reserved 1048576K
}
Event: 38.438 GC heap before
{Heap before GC invocations=89 (full 0):
 garbage-first heap   total 437248K, used 290038K [0x0000000080000000, 0x0000000100000000)
  region size 1024K, 107 young (109568K), 22 survivors (22528K)
 Metaspace       used 140202K, committed 142656K, reserved 1179648K
  class space    used 20221K, committed 21440K, reserved 1048576K
}
Event: 38.453 GC heap after
{Heap after GC invocations=90 (full 0):
 garbage-first heap   total 437248K, used 204204K [0x0000000080000000, 0x0000000100000000)
  region size 1024K, 16 young (16384K), 16 survivors (16384K)
 Metaspace       used 140202K, committed 142656K, reserved 1179648K
  class space    used 20221K, committed 21440K, reserved 1048576K
}
Event: 38.991 GC heap before
{Heap before GC invocations=91 (full 0):
 garbage-first heap   total 437248K, used 414124K [0x0000000080000000, 0x0000000100000000)
  region size 1024K, 221 young (226304K), 16 survivors (16384K)
 Metaspace       used 140239K, committed 142784K, reserved 1179648K
  class space    used 20221K, committed 21440K, reserved 1048576K
}
Event: 39.003 GC heap after
{Heap after GC invocations=92 (full 0):
 garbage-first heap   total 437248K, used 204772K [0x0000000080000000, 0x0000000100000000)
  region size 1024K, 16 young (16384K), 16 survivors (16384K)
 Metaspace       used 140239K, committed 142784K, reserved 1179648K
  class space    used 20221K, committed 21440K, reserved 1048576K
}
Event: 39.434 GC heap before
{Heap before GC invocations=92 (full 0):
 garbage-first heap   total 437248K, used 413668K [0x0000000080000000, 0x0000000100000000)
  region size 1024K, 221 young (226304K), 16 survivors (16384K)
 Metaspace       used 140326K, committed 142848K, reserved 1179648K
  class space    used 20225K, committed 21440K, reserved 1048576K
}

